<?xml version="1.0" encoding="UTF-8"?>
<!-- Generated by org.testng.reporters.JUnitReportReporter -->
<testsuite hostname="LAPTOP-T8I5JFI7" failures="0" tests="1" name="com.airline.automation.Airline_Automation.Enter_Traveller_Details_Test" time="40.998" errors="0" timestamp="2024-10-10T19:01:56 IST" skipped="0">
  <testcase classname="com.airline.automation.Airline_Automation.Enter_Traveller_Details_Test" name="travellers_details" time="40.998"/>
  <system-out/>
</testsuite> <!-- com.airline.automation.Airline_Automation.Enter_Traveller_Details_Test -->
