<?xml version="1.0" encoding="UTF-8"?>
<!-- Generated by org.testng.reporters.JUnitReportReporter -->
<testsuite hostname="LAPTOP-T8I5JFI7" failures="0" tests="1" name="com.airline.automation.Airline_Automation.Search_Round_Trip_Test" time="41.685" errors="0" timestamp="2024-10-10T17:39:48 IST" skipped="0">
  <testcase classname="com.airline.automation.Airline_Automation.Search_Round_Trip_Test" name="roundtrip_search" time="41.685"/>
  <system-out/>
</testsuite> <!-- com.airline.automation.Airline_Automation.Search_Round_Trip_Test -->
