<?xml version="1.0" encoding="UTF-8"?>
<!-- Generated by org.testng.reporters.JUnitReportReporter -->
<testsuite hostname="LAPTOP-T8I5JFI7" failures="0" tests="1" name="com.airline.automation.Airline_Automation.Login_Search_Logout_Test" time="36.985" errors="0" timestamp="2024-10-10T18:05:32 IST" skipped="0">
  <testcase classname="com.airline.automation.Airline_Automation.Login_Search_Logout_Test" name="login_search_logout" time="36.985"/>
  <system-out/>
</testsuite> <!-- com.airline.automation.Airline_Automation.Login_Search_Logout_Test -->
