<?xml version="1.0" encoding="UTF-8"?>
<!-- Generated by org.testng.reporters.JUnitReportReporter -->
<testsuite hostname="LAPTOP-T8I5JFI7" failures="0" tests="1" name="com.airline.automation.Airline_Automation.Multiple_Passengers_Test" time="34.036" errors="0" timestamp="2024-10-10T20:09:36 IST" skipped="0">
  <testcase classname="com.airline.automation.Airline_Automation.Multiple_Passengers_Test" name="multiple_passengers" time="34.036"/>
  <system-out/>
</testsuite> <!-- com.airline.automation.Airline_Automation.Multiple_Passengers_Test -->
