<?xml version="1.0" encoding="UTF-8"?>
<!-- Generated by org.testng.reporters.JUnitReportReporter -->
<testsuite hostname="LAPTOP-T8I5JFI7" failures="0" tests="1" name="com.airline.automation.Airline_Automation.Registration_Test" time="31.000" errors="0" timestamp="2024-10-10T20:29:52 IST" skipped="0">
  <testcase classname="com.airline.automation.Airline_Automation.Registration_Test" name="register" time="31.000"/>
  <system-out/>
</testsuite> <!-- com.airline.automation.Airline_Automation.Registration_Test -->
