<?xml version="1.0" encoding="UTF-8"?>
<!-- Generated by org.testng.reporters.JUnitReportReporter -->
<testsuite hostname="LAPTOP-T8I5JFI7" failures="0" tests="1" name="com.airline.automation.Airline_Automation.Search_Different_Classes_Test" time="26.015" errors="0" timestamp="2024-10-10T17:53:17 IST" skipped="0">
  <testcase classname="com.airline.automation.Airline_Automation.Search_Different_Classes_Test" name="classes_search" time="26.015"/>
  <system-out/>
</testsuite> <!-- com.airline.automation.Airline_Automation.Search_Different_Classes_Test -->
