<?xml version="1.0" encoding="UTF-8"?>
<!-- Generated by org.testng.reporters.JUnitReportReporter -->
<testsuite hostname="LAPTOP-T8I5JFI7" failures="0" tests="1" name="com.airline.automation.Airline_Automation.Search_OneWay_Test" time="35.370" errors="0" timestamp="2024-10-10T20:35:30 IST" skipped="0">
  <testcase classname="com.airline.automation.Airline_Automation.Search_OneWay_Test" name="oneway_search" time="35.370"/>
  <system-out>
    <![CDATA[my test case is passed]]>
  </system-out>
</testsuite> <!-- com.airline.automation.Airline_Automation.Search_OneWay_Test -->
