<?xml version="1.0" encoding="UTF-8"?>
<!-- Generated by org.testng.reporters.JUnitReportReporter -->
<testsuite hostname="LAPTOP-T8I5JFI7" failures="0" tests="1" name="com.airline.automation.Airline_Automation.Login_Invalid_Credentials_Test" time="34.996" errors="0" timestamp="2024-10-10T18:06:20 IST" skipped="0">
  <testcase classname="com.airline.automation.Airline_Automation.Login_Invalid_Credentials_Test" name="login_invalid_credentials" time="34.996"/>
  <system-out>
    <![CDATA[Test case is passed because, it is not accepting the wrong otp]]>
  </system-out>
</testsuite> <!-- com.airline.automation.Airline_Automation.Login_Invalid_Credentials_Test -->
