<?xml version="1.0" encoding="UTF-8"?>
<!-- Generated by org.testng.reporters.JUnitReportReporter -->
<testsuite hostname="LAPTOP-T8I5JFI7" failures="0" tests="1" name="com.airline.automation.Airline_Automation.Coupon_Code_Test" time="41.108" errors="0" timestamp="2024-10-10T19:02:44 IST" skipped="0">
  <testcase classname="com.airline.automation.Airline_Automation.Coupon_Code_Test" name="coupon_code" time="41.108"/>
  <system-out/>
</testsuite> <!-- com.airline.automation.Airline_Automation.Coupon_Code_Test -->
