<?xml version="1.0" encoding="UTF-8"?>
<!-- Generated by org.testng.reporters.JUnitReportReporter -->
<testsuite hostname="LAPTOP-T8I5JFI7" failures="0" tests="1" name="com.airline.automation.Airline_Automation.Login_Test" time="28.100" errors="0" timestamp="2024-10-10T21:02:21 IST" skipped="0">
  <testcase classname="com.airline.automation.Airline_Automation.Login_Test" name="login" time="28.100"/>
  <system-out>
    <![CDATA[my test case is passed]]>
  </system-out>
</testsuite> <!-- com.airline.automation.Airline_Automation.Login_Test -->
