<?xml version="1.0" encoding="UTF-8"?>
<!-- Generated by org.testng.reporters.JUnitReportReporter -->
<testsuite hostname="LAPTOP-T8I5JFI7" failures="0" tests="1" name="com.airline.automation.Airline_Automation.Search_Domestic_RoundTrip_Flights_Test" time="24.205" errors="0" timestamp="2024-10-10T17:52:07 IST" skipped="0">
  <testcase classname="com.airline.automation.Airline_Automation.Search_Domestic_RoundTrip_Flights_Test" name="domestic_flights_search" time="24.205"/>
  <system-out/>
</testsuite> <!-- com.airline.automation.Airline_Automation.Search_Domestic_RoundTrip_Flights_Test -->
