<?xml version="1.0" encoding="UTF-8"?>
<!-- Generated by org.testng.reporters.JUnitReportReporter -->
<testsuite hostname="LAPTOP-T8I5JFI7" failures="0" tests="1" name="com.airline.automation.Airline_Automation.Seat_Selection_Test" time="40.979" errors="0" timestamp="2024-10-10T17:37:54 IST" skipped="0">
  <testcase classname="com.airline.automation.Airline_Automation.Seat_Selection_Test" name="select_seat" time="40.979"/>
  <system-out/>
</testsuite> <!-- com.airline.automation.Airline_Automation.Seat_Selection_Test -->
